Log Started at Wednesday, October 07, 2020 00:50:27
FileVersion: 1.4.0.1405
ProductVersion: 1.4.0.1405

--- CPU detection ---
Number of system processors: 8
Number of available processors: 8
Processor 0:
CPU: GenuineIntel Intel(R) Core(TM) i7-7700K CPU @ 4.20GHz
Family: 6, Model: 14, Stepping: 9
FPU: on-chip
CPU Speed (estimated): 4199.970855 MHz
MMX: present
SSE: present
3DNow!: not present
Serial number not present or disabled

Processor 1:
CPU: GenuineIntel Intel(R) Core(TM) i7-7700K CPU @ 4.20GHz
Family: 6, Model: 14, Stepping: 9
FPU: on-chip
CPU Speed (estimated): 4199.958317 MHz
MMX: present
SSE: present
3DNow!: not present
Serial number not present or disabled

Processor 2:
CPU: GenuineIntel Intel(R) Core(TM) i7-7700K CPU @ 4.20GHz
Family: 6, Model: 14, Stepping: 9
FPU: on-chip
CPU Speed (estimated): 4199.961553 MHz
MMX: present
SSE: present
3DNow!: not present
Serial number not present or disabled

Processor 3:
CPU: GenuineIntel Intel(R) Core(TM) i7-7700K CPU @ 4.20GHz
Family: 6, Model: 14, Stepping: 9
FPU: on-chip
CPU Speed (estimated): 4199.964194 MHz
MMX: present
SSE: present
3DNow!: not present
Serial number not present or disabled

Processor 4:
CPU: GenuineIntel Intel(R) Core(TM) i7-7700K CPU @ 4.20GHz
Family: 6, Model: 14, Stepping: 9
FPU: on-chip
CPU Speed (estimated): 4199.916800 MHz
MMX: present
SSE: present
3DNow!: not present
Serial number not present or disabled

Processor 5:
CPU: GenuineIntel Intel(R) Core(TM) i7-7700K CPU @ 4.20GHz
Family: 6, Model: 14, Stepping: 9
FPU: on-chip
CPU Speed (estimated): 4199.938146 MHz
MMX: present
SSE: present
3DNow!: not present
Serial number not present or disabled

Processor 6:
CPU: GenuineIntel Intel(R) Core(TM) i7-7700K CPU @ 4.20GHz
Family: 6, Model: 14, Stepping: 9
FPU: on-chip
CPU Speed (estimated): 4199.959765 MHz
MMX: present
SSE: present
3DNow!: not present
Serial number not present or disabled

Processor 7:
CPU: GenuineIntel Intel(R) Core(TM) i7-7700K CPU @ 4.20GHz
Family: 6, Model: 14, Stepping: 9
FPU: on-chip
CPU Speed (estimated): 4199.948333 MHz
MMX: present
SSE: present
3DNow!: not present
Serial number not present or disabled

---------------------
OS User name: 'chiap'
File System Initialization
Stream Engine Initialization
Script System Initialization
Loading system configuration
Loading system configuration
ERROR: can't create the archive "c:\users\chiap\source\repos\farcrylauncher\farcrylauncher\fcdata\localized\english.pak"=="c:\users\chiap\source\repos\farcrylauncher\farcrylauncher\fcdata\localized\english.pak": error IO_FAILED (code 1) in ZipDir::CacheFactory::New at .\ZipDirCacheFactory.cpp:38. Cannot open file in binary mode for reading, probably missing file.
Localized language content(english - FCData/Localized/english.pak) not available or modified from the original installation.
ERROR: can't create the archive "c:\users\chiap\source\repos\farcrylauncher\farcrylauncher\fcdata\localized\english1.pak"=="c:\users\chiap\source\repos\farcrylauncher\farcrylauncher\fcdata\localized\english1.pak": error IO_FAILED (code 1) in ZipDir::CacheFactory::New at .\ZipDirCacheFactory.cpp:38. Cannot open file in binary mode for reading, probably missing file.
ERROR: can't create the archive "c:\users\chiap\source\repos\farcrylauncher\farcrylauncher\fcdata\localized\english2.pak"=="c:\users\chiap\source\repos\farcrylauncher\farcrylauncher\fcdata\localized\english2.pak": error IO_FAILED (code 1) in ZipDir::CacheFactory::New at .\ZipDirCacheFactory.cpp:38. Cannot open file in binary mode for reading, probably missing file.
Network initialization
network hostname: DESKTOP-TPT5MVE
  ip:192.168.71.1
  ip:192.168.123.1
  ip:192.168.0.11
Physics initialization
MovieSystem initialization
Renderer initialization
System: INFO: DirectX 12.0 installed
System: VideoCard Detected: nVidia (Unknown)
Direct3D9 driver is creating...
CRITICAL ERROR: Couldn't create window
<CrySystem> Last System Error: Не удается найти класс окна.
NtGetContextThread()
=============================================================================
 2) NtGetContextThread()
 1) <Unknown Function>
=============================================================================
*** Clearing render resources ***
